nohup: ignoring input
1605542039没有数据暂停15秒
1605542054没有数据暂停15秒
1605542069没有数据暂停15秒
1605542084没有数据暂停15秒
1605542099处理完一批，暂停15秒
1605542114处理完一批，暂停15秒
1605542131处理完一批，暂停15秒
1605542146处理完一批，暂停15秒
1605542162处理完一批，暂停15秒
1605542177处理完一批，暂停15秒
1605542192处理完一批，暂停15秒
1605542207处理完一批，暂停15秒
1605542223处理完一批，暂停15秒
1605542238处理完一批，暂停15秒
1605542253处理完一批，暂停15秒
1605542268处理完一批，暂停15秒
1605542284处理完一批，暂停15秒
1605542299处理完一批，暂停15秒
1605542315处理完一批，暂停15秒
1605542331处理完一批，暂停15秒
1605542347处理完一批，暂停15秒
1605542362处理完一批，暂停15秒
1605542377处理完一批，暂停15秒
1605542393处理完一批，暂停15秒
1605542411处理完一批，暂停15秒
1605542426处理完一批，暂停15秒
1605542442处理完一批，暂停15秒
1605542457处理完一批，暂停15秒
1605542472处理完一批，暂停15秒
1605542487处理完一批，暂停15秒
1605542503处理完一批，暂停15秒
1605542518处理完一批，暂停15秒
1605542534处理完一批，暂停15秒
1605542549处理完一批，暂停15秒
1605542564处理完一批，暂停15秒
1605542580处理完一批，暂停15秒
1605542595处理完一批，暂停15秒
1605542611处理完一批，暂停15秒
1605542626处理完一批，暂停15秒
1605542641处理完一批，暂停15秒
1605542657处理完一批，暂停15秒
1605542672处理完一批，暂停15秒
int(1605542687)
string(10) "1605542084"
1605542688处理完一批，暂停15秒
1605542703没有数据暂停15秒
1605542718没有数据暂停15秒
1605542733没有数据暂停15秒
1605542748没有数据暂停15秒
1605542763没有数据暂停15秒
1605542777没有数据暂停15秒
1605542792没有数据暂停15秒
1605542807没有数据暂停15秒
1605542822没有数据暂停15秒
1605542837没有数据暂停15秒
1605542852没有数据暂停15秒
1605542867没有数据暂停15秒
1605542882没有数据暂停15秒
1605542897没有数据暂停15秒
1605542912没有数据暂停15秒
1605542927没有数据暂停15秒
1605542942没有数据暂停15秒
1605542957没有数据暂停15秒
1605542972没有数据暂停15秒
1605542987没有数据暂停15秒
1605543002没有数据暂停15秒
1605543017没有数据暂停15秒
1605543032没有数据暂停15秒
1605543047没有数据暂停15秒
1605543062没有数据暂停15秒
1605543077没有数据暂停15秒
1605543092没有数据暂停15秒
1605543107没有数据暂停15秒
1605543122没有数据暂停15秒
1605543137没有数据暂停15秒
1605543152没有数据暂停15秒
1605543167没有数据暂停15秒
1605543182没有数据暂停15秒
1605543197没有数据暂停15秒
1605543212没有数据暂停15秒
1605543227没有数据暂停15秒
1605543242没有数据暂停15秒
1605543257没有数据暂停15秒
1605543272没有数据暂停15秒
1605543287没有数据暂停15秒
1605543302没有数据暂停15秒
1605543317没有数据暂停15秒
1605543333处理完一批，暂停15秒
1605543348处理完一批，暂停15秒
1605543363处理完一批，暂停15秒
1605543378处理完一批，暂停15秒
1605543394处理完一批，暂停15秒
1605543409处理完一批，暂停15秒
1605543424没有数据暂停15秒
1605543439处理完一批，暂停15秒
1605543454处理完一批，暂停15秒
1605543470处理完一批，暂停15秒
1605543485处理完一批，暂停15秒
1605543500处理完一批，暂停15秒
1605543516处理完一批，暂停15秒
1605543532处理完一批，暂停15秒
1605543549处理完一批，暂停15秒
1605543564处理完一批，暂停15秒
1605543579处理完一批，暂停15秒
1605543595处理完一批，暂停15秒
1605543610没有数据暂停15秒
1605543625没有数据暂停15秒
1605543640没有数据暂停15秒
1605543655没有数据暂停15秒
1605543670没有数据暂停15秒
1605543685没有数据暂停15秒
1605543700处理完一批，暂停15秒
1605543716处理完一批，暂停15秒
1605543731处理完一批，暂停15秒
1605543746处理完一批，暂停15秒
1605543762处理完一批，暂停15秒
1605543777处理完一批，暂停15秒
1605543792处理完一批，暂停15秒
1605543807处理完一批，暂停15秒
1605543823处理完一批，暂停15秒
1605543838处理完一批，暂停15秒
1605543854处理完一批，暂停15秒
1605543869处理完一批，暂停15秒
1605543884处理完一批，暂停15秒
1605543899处理完一批，暂停15秒
1605543915处理完一批，暂停15秒
1605543930处理完一批，暂停15秒
1605543945处理完一批，暂停15秒
1605543961处理完一批，暂停15秒
1605543977处理完一批，暂停15秒
1605543992处理完一批，暂停15秒
1605544007处理完一批，暂停15秒
1605544023处理完一批，暂停15秒
1605544038处理完一批，暂停15秒
1605544054处理完一批，暂停15秒
1605544069处理完一批，暂停15秒
1605544084处理完一批，暂停15秒
1605544100处理完一批，暂停15秒
1605544115处理完一批，暂停15秒
1605544130处理完一批，暂停15秒
1605544146处理完一批，暂停15秒
1605544161处理完一批，暂停15秒
1605544176处理完一批，暂停15秒
1605544191处理完一批，暂停15秒
1605544207处理完一批，暂停15秒
1605544222处理完一批，暂停15秒
1605544237处理完一批，暂停15秒
1605544253处理完一批，暂停15秒
1605544268处理完一批，暂停15秒
1605544283处理完一批，暂停15秒
int(1605544298)
string(10) "1605543694"
1605544299处理完一批，暂停15秒
1605544314没有数据暂停15秒
1605544329没有数据暂停15秒
1605544343没有数据暂停15秒
1605544359没有数据暂停15秒
1605544373没有数据暂停15秒
1605544388没有数据暂停15秒
1605544403没有数据暂停15秒
1605544418没有数据暂停15秒
1605544433没有数据暂停15秒
1605544448没有数据暂停15秒
1605544463没有数据暂停15秒
1605544478没有数据暂停15秒
1605544494没有数据暂停15秒
1605544509没有数据暂停15秒
1605544524没有数据暂停15秒
1605544539没有数据暂停15秒
1605544554没有数据暂停15秒
1605544569没有数据暂停15秒
1605544584没有数据暂停15秒
1605544599没有数据暂停15秒
1605544614没有数据暂停15秒
1605544629没有数据暂停15秒
1605544643没有数据暂停15秒
1605544658没有数据暂停15秒
1605544673没有数据暂停15秒
1605544688没有数据暂停15秒
1605544703没有数据暂停15秒
1605544718没有数据暂停15秒
1605544733没有数据暂停15秒
1605544748没有数据暂停15秒
1605544763没有数据暂停15秒
1605544778没有数据暂停15秒
1605544793没有数据暂停15秒
1605544808没有数据暂停15秒
1605544823没有数据暂停15秒
1605544838没有数据暂停15秒
1605544853没有数据暂停15秒
1605544868没有数据暂停15秒
1605544883没有数据暂停15秒
1605544898没有数据暂停15秒
1605544913没有数据暂停15秒
1605544928没有数据暂停15秒
1605544943没有数据暂停15秒
1605544958没有数据暂停15秒
1605544973没有数据暂停15秒
1605544988没有数据暂停15秒
1605545003没有数据暂停15秒
1605545018没有数据暂停15秒
1605545033没有数据暂停15秒
1605545048没有数据暂停15秒
1605545063没有数据暂停15秒
1605545078没有数据暂停15秒
1605545093没有数据暂停15秒
1605545108没有数据暂停15秒
1605545123没有数据暂停15秒
1605545138没有数据暂停15秒
1605545153没有数据暂停15秒
1605545168没有数据暂停15秒
1605545183没有数据暂停15秒
1605545198没有数据暂停15秒
1605545213没有数据暂停15秒
1605545228没有数据暂停15秒
1605545243没有数据暂停15秒
1605545258没有数据暂停15秒
1605545273没有数据暂停15秒
1605545288没有数据暂停15秒
1605545303没有数据暂停15秒
1605545318没有数据暂停15秒
1605545333没有数据暂停15秒
1605545348没有数据暂停15秒
1605545363没有数据暂停15秒
1605545378没有数据暂停15秒
1605545393没有数据暂停15秒
1605545408没有数据暂停15秒
1605545423没有数据暂停15秒
1605545438没有数据暂停15秒
1605545453没有数据暂停15秒
1605545468没有数据暂停15秒
1605545483没有数据暂停15秒
1605545498没有数据暂停15秒
1605545513没有数据暂停15秒
1605545528没有数据暂停15秒
1605545543没有数据暂停15秒
1605545558没有数据暂停15秒
1605545573没有数据暂停15秒
1605545588没有数据暂停15秒
1605545603没有数据暂停15秒
1605545618没有数据暂停15秒
1605545633没有数据暂停15秒
1605545648没有数据暂停15秒
1605545663没有数据暂停15秒
1605545678没有数据暂停15秒
1605545693没有数据暂停15秒
1605545708没有数据暂停15秒
1605545723没有数据暂停15秒
1605545738没有数据暂停15秒
1605545753没有数据暂停15秒
1605545768没有数据暂停15秒
1605545783没有数据暂停15秒
1605545798没有数据暂停15秒
1605545813没有数据暂停15秒
1605545828没有数据暂停15秒
1605545843没有数据暂停15秒
1605545858没有数据暂停15秒
1605545873没有数据暂停15秒
1605545888没有数据暂停15秒
1605545903没有数据暂停15秒
1605545918没有数据暂停15秒
1605545933没有数据暂停15秒
1605545948没有数据暂停15秒
1605545963没有数据暂停15秒
1605545978没有数据暂停15秒
1605545993没有数据暂停15秒
1605546008没有数据暂停15秒
1605546023没有数据暂停15秒
1605546038没有数据暂停15秒
1605546053没有数据暂停15秒
1605546068没有数据暂停15秒
1605546083没有数据暂停15秒
1605546097没有数据暂停15秒
1605546112没有数据暂停15秒
1605546127没有数据暂停15秒
1605546142没有数据暂停15秒
1605546157没有数据暂停15秒
1605546172没有数据暂停15秒
1605546187没有数据暂停15秒
1605546202没有数据暂停15秒
1605546217没有数据暂停15秒
1605546232没有数据暂停15秒
1605546247没有数据暂停15秒
1605546262没有数据暂停15秒
1605546277没有数据暂停15秒
1605546292没有数据暂停15秒
1605546307没有数据暂停15秒
1605546322没有数据暂停15秒
1605546337没有数据暂停15秒
1605546352没有数据暂停15秒
1605546367没有数据暂停15秒
1605546382没有数据暂停15秒
1605546397没有数据暂停15秒
1605546412没有数据暂停15秒
1605546427没有数据暂停15秒
1605546442没有数据暂停15秒
1605546457没有数据暂停15秒
1605546472没有数据暂停15秒
1605546487没有数据暂停15秒
1605546502没有数据暂停15秒
1605546517没有数据暂停15秒
1605546532没有数据暂停15秒
1605546547没有数据暂停15秒
1605546562没有数据暂停15秒
1605546577没有数据暂停15秒
1605546592没有数据暂停15秒
1605546607没有数据暂停15秒
1605546622没有数据暂停15秒
1605546637没有数据暂停15秒
1605546652没有数据暂停15秒
1605546667没有数据暂停15秒
1605546682没有数据暂停15秒
1605546697没有数据暂停15秒
1605546712没有数据暂停15秒
1605546727没有数据暂停15秒
1605546742没有数据暂停15秒
1605546757没有数据暂停15秒
1605546772没有数据暂停15秒
1605546787没有数据暂停15秒
1605546802没有数据暂停15秒
1605546817没有数据暂停15秒
1605546832没有数据暂停15秒
1605546847没有数据暂停15秒
1605546862没有数据暂停15秒
1605546877没有数据暂停15秒
1605546892没有数据暂停15秒
1605546907没有数据暂停15秒
1605546922没有数据暂停15秒
1605546937没有数据暂停15秒
1605546952没有数据暂停15秒
1605546967没有数据暂停15秒
1605546982没有数据暂停15秒
1605546997没有数据暂停15秒
1605547012没有数据暂停15秒
1605547027没有数据暂停15秒
1605547042没有数据暂停15秒
1605547057没有数据暂停15秒
1605547072没有数据暂停15秒
1605547087没有数据暂停15秒
1605547102没有数据暂停15秒
1605547117没有数据暂停15秒
1605547132没有数据暂停15秒
1605547147没有数据暂停15秒
1605547162没有数据暂停15秒
1605547177没有数据暂停15秒
1605547192没有数据暂停15秒
1605547207没有数据暂停15秒
1605547222没有数据暂停15秒
1605547237没有数据暂停15秒
1605547252没有数据暂停15秒
1605547267没有数据暂停15秒
1605547282没有数据暂停15秒
1605547297没有数据暂停15秒
1605547312没有数据暂停15秒
1605547327没有数据暂停15秒
1605547342没有数据暂停15秒
1605547357没有数据暂停15秒
1605547372没有数据暂停15秒
1605547387没有数据暂停15秒
1605547402没有数据暂停15秒
1605547417没有数据暂停15秒
1605547432没有数据暂停15秒
1605547447没有数据暂停15秒
1605547462没有数据暂停15秒
1605547477没有数据暂停15秒
1605547492没有数据暂停15秒
1605547507没有数据暂停15秒
1605547522没有数据暂停15秒
1605547537没有数据暂停15秒
1605547552没有数据暂停15秒
1605547567没有数据暂停15秒
1605547582没有数据暂停15秒
1605547597没有数据暂停15秒
1605547612没有数据暂停15秒
1605547627没有数据暂停15秒
1605547642没有数据暂停15秒
1605547657没有数据暂停15秒
1605547672没有数据暂停15秒
1605547687没有数据暂停15秒
1605547702没有数据暂停15秒
1605547717没有数据暂停15秒
1605547732没有数据暂停15秒
1605547747没有数据暂停15秒
1605547762没有数据暂停15秒
1605547777没有数据暂停15秒
1605547792没有数据暂停15秒
1605547807没有数据暂停15秒
1605547822没有数据暂停15秒
1605547837没有数据暂停15秒
1605547852没有数据暂停15秒
1605547866没有数据暂停15秒
1605547881没有数据暂停15秒
1605547896没有数据暂停15秒
1605547911没有数据暂停15秒
1605547926没有数据暂停15秒
1605547941没有数据暂停15秒
1605547956没有数据暂停15秒
1605547971没有数据暂停15秒
1605547986没有数据暂停15秒
1605548001没有数据暂停15秒
1605548016没有数据暂停15秒
1605548031没有数据暂停15秒
1605548046没有数据暂停15秒
1605548061没有数据暂停15秒
1605548076没有数据暂停15秒
1605548091没有数据暂停15秒
1605548106没有数据暂停15秒
1605548121没有数据暂停15秒
1605548136没有数据暂停15秒
1605548151没有数据暂停15秒
1605548166没有数据暂停15秒
1605548181没有数据暂停15秒
1605548196没有数据暂停15秒
1605548211没有数据暂停15秒
1605548226没有数据暂停15秒
1605548241没有数据暂停15秒
1605548256没有数据暂停15秒
1605548271没有数据暂停15秒
1605548286没有数据暂停15秒
1605548301没有数据暂停15秒
1605548316没有数据暂停15秒
1605548331没有数据暂停15秒
1605548346没有数据暂停15秒
1605548361没有数据暂停15秒
1605548376没有数据暂停15秒
1605548391没有数据暂停15秒
1605548406没有数据暂停15秒
1605548421没有数据暂停15秒
1605548436没有数据暂停15秒
1605548451没有数据暂停15秒
1605548466没有数据暂停15秒
1605548481没有数据暂停15秒
1605548496没有数据暂停15秒
1605548511没有数据暂停15秒
1605548526没有数据暂停15秒
1605548541没有数据暂停15秒
1605548556没有数据暂停15秒
1605548571没有数据暂停15秒
1605548586没有数据暂停15秒
1605548601没有数据暂停15秒
1605548616没有数据暂停15秒
1605548631没有数据暂停15秒
1605548646没有数据暂停15秒
1605548661没有数据暂停15秒
1605548676没有数据暂停15秒
1605548691没有数据暂停15秒
1605548706没有数据暂停15秒
1605548721没有数据暂停15秒
1605548736没有数据暂停15秒
1605548751没有数据暂停15秒
1605548766没有数据暂停15秒
1605548781没有数据暂停15秒
1605548796没有数据暂停15秒
1605548811没有数据暂停15秒
1605548826没有数据暂停15秒
1605548841没有数据暂停15秒
1605548856没有数据暂停15秒
1605548871没有数据暂停15秒
1605548886没有数据暂停15秒
1605548901没有数据暂停15秒
1605548916没有数据暂停15秒
1605548931没有数据暂停15秒
1605548946没有数据暂停15秒
1605548961没有数据暂停15秒
1605548976没有数据暂停15秒
1605548991没有数据暂停15秒
1605549006没有数据暂停15秒
1605549021没有数据暂停15秒
1605549036没有数据暂停15秒
1605549051没有数据暂停15秒
1605549066没有数据暂停15秒
1605549081没有数据暂停15秒
1605549096没有数据暂停15秒
1605549111没有数据暂停15秒
1605549126没有数据暂停15秒
1605549141没有数据暂停15秒
1605549156没有数据暂停15秒
1605549171没有数据暂停15秒
1605549186没有数据暂停15秒
1605549201没有数据暂停15秒
1605549216没有数据暂停15秒
1605549231没有数据暂停15秒
1605549246没有数据暂停15秒
1605549261没有数据暂停15秒
1605549276没有数据暂停15秒
1605549291没有数据暂停15秒
1605549306没有数据暂停15秒
1605549321没有数据暂停15秒
1605549336没有数据暂停15秒
1605549351没有数据暂停15秒
1605549366没有数据暂停15秒
1605549381没有数据暂停15秒
1605549396没有数据暂停15秒
1605549411没有数据暂停15秒
1605549426没有数据暂停15秒
1605549441没有数据暂停15秒
1605549456没有数据暂停15秒
1605549471没有数据暂停15秒
1605549486没有数据暂停15秒
1605549501没有数据暂停15秒
1605549516没有数据暂停15秒
1605549531没有数据暂停15秒
1605549546没有数据暂停15秒
1605549561没有数据暂停15秒
1605549576没有数据暂停15秒
1605549591没有数据暂停15秒
1605549606没有数据暂停15秒
1605549621没有数据暂停15秒
1605549636没有数据暂停15秒
1605549651没有数据暂停15秒
1605549666没有数据暂停15秒
1605549681没有数据暂停15秒
1605549696没有数据暂停15秒
1605549711没有数据暂停15秒
1605549726没有数据暂停15秒
1605549741没有数据暂停15秒
1605549756没有数据暂停15秒
1605549771没有数据暂停15秒
1605549786没有数据暂停15秒
1605549801没有数据暂停15秒
1605549816没有数据暂停15秒
1605549831没有数据暂停15秒
1605549846没有数据暂停15秒
1605549861没有数据暂停15秒
1605549876没有数据暂停15秒
1605549891没有数据暂停15秒
1605549906没有数据暂停15秒
1605549921没有数据暂停15秒
1605549936没有数据暂停15秒
1605549951没有数据暂停15秒
1605549966没有数据暂停15秒
1605549981没有数据暂停15秒
1605549996没有数据暂停15秒
1605550011没有数据暂停15秒
1605550026没有数据暂停15秒
1605550041没有数据暂停15秒
1605550056没有数据暂停15秒
1605550071没有数据暂停15秒
1605550085没有数据暂停15秒
1605550101没有数据暂停15秒
1605550115没有数据暂停15秒
1605550130没有数据暂停15秒
1605550145没有数据暂停15秒
1605550161没有数据暂停15秒
1605550176没有数据暂停15秒
1605550191没有数据暂停15秒
1605550206没有数据暂停15秒
1605550221没有数据暂停15秒
1605550236没有数据暂停15秒
1605550251没有数据暂停15秒
1605550266没有数据暂停15秒
